<?xml version="1.0" encoding="UTF-8"?>
<testsuite xmlns:xsi="http://www.w3.org/2001/XMLSchema-instance" xsi:noNamespaceSchemaLocation="https://maven.apache.org/surefire/maven-surefire-plugin/xsd/surefire-test-report-3.0.xsd" version="3.0" name="io.flexio.io.mongo.gen.MongoMapperGeneratorTest" time="1.69" tests="17" errors="0" skipped="0" failures="0">
  <properties>
[...]
</properties>
  <testcase name="enumProperty" classname="io.flexio.io.mongo.gen.MongoMapperGeneratorTest" time="0.608"/>
  <testcase name="embeddedListProperty" classname="io.flexio.io.mongo.gen.MongoMapperGeneratorTest" time="0.211"/>
  <testcase name="stringArrayProperty_whenDocumentPropertyIsSingle" classname="io.flexio.io.mongo.gen.MongoMapperGeneratorTest" time="0.098"/>
  <testcase name="objectIdProperty" classname="io.flexio.io.mongo.gen.MongoMapperGeneratorTest" time="0.088"/>
  <testcase name="dateListProperty" classname="io.flexio.io.mongo.gen.MongoMapperGeneratorTest" time="0.106"/>
  <testcase name="enumArrayProperty" classname="io.flexio.io.mongo.gen.MongoMapperGeneratorTest" time="0.076"/>
  <testcase name="mapperSignature" classname="io.flexio.io.mongo.gen.MongoMapperGeneratorTest" time="0.042"/>
  <testcase name="objectIdListProperty" classname="io.flexio.io.mongo.gen.MongoMapperGeneratorTest" time="0.065"/>
  <testcase name="noProperty" classname="io.flexio.io.mongo.gen.MongoMapperGeneratorTest" time="0.026"/>
  <testcase name="automaticCastingOfSimpleTypes" classname="io.flexio.io.mongo.gen.MongoMapperGeneratorTest" time="0.029"/>
  <testcase name="embeddedProperty" classname="io.flexio.io.mongo.gen.MongoMapperGeneratorTest" time="0.048"/>
  <testcase name="stringArrayProperty" classname="io.flexio.io.mongo.gen.MongoMapperGeneratorTest" time="0.053"/>
  <testcase name="fieldWithTransientHitIsIgnored" classname="io.flexio.io.mongo.gen.MongoMapperGeneratorTest" time="0.03"/>
  <testcase name="dateProperty" classname="io.flexio.io.mongo.gen.MongoMapperGeneratorTest" time="0.034"/>
  <testcase name="stringProperty" classname="io.flexio.io.mongo.gen.MongoMapperGeneratorTest" time="0.029"/>
  <testcase name="inSpecValueObjectProperty" classname="io.flexio.io.mongo.gen.MongoMapperGeneratorTest" time="0.046"/>
  <testcase name="mongoFieldHint" classname="io.flexio.io.mongo.gen.MongoMapperGeneratorTest" time="0.037"/>
</testsuite>